0 info it worked if it ends with ok
1 verbose cli [ 'C:\\Program Files\\nodejs\\node.exe',
1 verbose cli   'C:\\Program Files\\nodejs\\node_modules\\npm\\bin\\npm-cli.js',
1 verbose cli   'run',
1 verbose cli   'prod' ]
2 info using npm@3.10.10
3 info using node@v6.9.4
4 verbose run-script [ 'preprod', 'prod', 'postprod' ]
5 info lifecycle webpac-starter@1.0.0~preprod: webpac-starter@1.0.0
6 silly lifecycle webpac-starter@1.0.0~preprod: no script for preprod, continuing
7 info lifecycle webpac-starter@1.0.0~prod: webpac-starter@1.0.0
8 verbose lifecycle webpac-starter@1.0.0~prod: unsafe-perm in lifecycle true
9 verbose lifecycle webpac-starter@1.0.0~prod: PATH: C:\Program Files\nodejs\node_modules\npm\bin\node-gyp-bin;Z:\_portfolioAgain\node_modules\.bin;C:\Program Files\Git\mingw64\bin;C:\Program Files\Git\usr\bin;C:\Users\Jakub\bin;C:\Program Files (x86)\Intel\iCLS Client;C:\Program Files\Intel\iCLS Client;C:\Program Files (x86)\NVIDIA Corporation\PhysX\Common;C:\WINDOWS\system32;C:\WINDOWS;C:\WINDOWS\System32\Wbem;C:\WINDOWS\System32\WindowsPowerShell\v1.0;C:\Program Files\Intel\Intel(R) Management Engine Components\DAL;C:\Program Files (x86)\Intel\Intel(R) Management Engine Components\DAL;C:\Program Files\Intel\Intel(R) Management Engine Components\IPT;C:\Program Files (x86)\Intel\Intel(R) Management Engine Components\IPT;C:\Program Files\Hewlett-Packard\SimplePass;C:\Program Files (x86)\Kaspersky Lab\Kaspersky Endpoint Security 10 for Windows SP1;C:\Program Files\nodejs;C:\Program Files (x86)\Skype\Phone;C:\Program Files\Git\cmd;C:\Program Files\Microsoft SQL Server\130\Tools\Binn;C:\Program Files\dotnet;C:\Program Files (x86)\Brackets\command;C:\Program Files (x86)\GtkSharp\2.12\bin;C:\Ruby24-x64\bin;C:\Users\Jakub\AppData\Local\atom\bin;C:\Users\Jakub\AppData\Roaming\npm;C:\Program Files (x86)\Microsoft VS Code\bin;C:\Users\Jakub\AppData\Local\GitHubDesktop\bin
10 verbose lifecycle webpac-starter@1.0.0~prod: CWD: Z:\_portfolioAgain
11 silly lifecycle webpac-starter@1.0.0~prod: Args: [ '/d /s /c', 'webpack -p' ]
12 silly lifecycle webpac-starter@1.0.0~prod: Returned: code: 2  signal: null
13 info lifecycle webpac-starter@1.0.0~prod: Failed to exec prod script
14 verbose stack Error: webpac-starter@1.0.0 prod: `webpack -p`
14 verbose stack Exit status 2
14 verbose stack     at EventEmitter.<anonymous> (C:\Program Files\nodejs\node_modules\npm\lib\utils\lifecycle.js:255:16)
14 verbose stack     at emitTwo (events.js:106:13)
14 verbose stack     at EventEmitter.emit (events.js:191:7)
14 verbose stack     at ChildProcess.<anonymous> (C:\Program Files\nodejs\node_modules\npm\lib\utils\spawn.js:40:14)
14 verbose stack     at emitTwo (events.js:106:13)
14 verbose stack     at ChildProcess.emit (events.js:191:7)
14 verbose stack     at maybeClose (internal/child_process.js:877:16)
14 verbose stack     at Process.ChildProcess._handle.onexit (internal/child_process.js:226:5)
15 verbose pkgid webpac-starter@1.0.0
16 verbose cwd Z:\_portfolioAgain
17 error Windows_NT 6.3.9600
18 error argv "C:\\Program Files\\nodejs\\node.exe" "C:\\Program Files\\nodejs\\node_modules\\npm\\bin\\npm-cli.js" "run" "prod"
19 error node v6.9.4
20 error npm  v3.10.10
21 error code ELIFECYCLE
22 error webpac-starter@1.0.0 prod: `webpack -p`
22 error Exit status 2
23 error Failed at the webpac-starter@1.0.0 prod script 'webpack -p'.
23 error Make sure you have the latest version of node.js and npm installed.
23 error If you do, this is most likely a problem with the webpac-starter package,
23 error not with npm itself.
23 error Tell the author that this fails on your system:
23 error     webpack -p
23 error You can get information on how to open an issue for this project with:
23 error     npm bugs webpac-starter
23 error Or if that isn't available, you can get their info via:
23 error     npm owner ls webpac-starter
23 error There is likely additional logging output above.
24 verbose exit [ 1, true ]
